<?xml version="1.0" encoding="UTF-8"?>
<!-- Generated by org.testng.reporters.JUnitReportReporter -->
<testsuite hostname="VISHALTS" failures="0" tests="2" name="intro.JavaStreamsPractice" time="0.009" errors="0" timestamp="2024-03-23T19:50:29 IST" skipped="0">
  <testcase classname="intro.JavaStreamsPractice" name="regular" time="0.006"/>
  <system-out/>
  <testcase classname="intro.JavaStreamsPractice" name="streamfilter" time="0.003"/>
  <system-out/>
</testsuite> <!-- intro.JavaStreamsPractice -->
