<?xml version="1.0" encoding="UTF-8"?>
<!-- Generated by org.testng.reporters.JUnitReportReporter -->
<testsuite hostname="VISHALTS" failures="0" tests="4" name="intro.Js" time="0.016" errors="0" timestamp="2024-03-24T00:05:01 IST" skipped="0">
  <testcase classname="intro.Js" name="streamMap" time="0.002"/>
  <system-out/>
  <testcase classname="intro.Js" name="streamCollect" time="0.001"/>
  <system-out/>
  <testcase classname="intro.Js" name="streamFilter" time="0.002"/>
  <system-out/>
  <testcase classname="intro.Js" name="normal" time="0.011"/>
  <system-out/>
</testsuite> <!-- intro.Js -->
